<?xml version="1.0" encoding="UTF-8"?>
<!-- Generated by org.testng.reporters.JUnitReportReporter -->
<testsuite hostname="DESKTOP-MKMM9HS" failures="0" tests="1" name="com.guru99.demo.RegisterUserTest1" time="33.536" errors="0" timestamp="2025-02-15T02:16:58 IST" skipped="0">
  <testcase classname="com.guru99.demo.RegisterUserTest1" name="testRegisterUser" time="33.536"/>
</testsuite> <!-- com.guru99.demo.RegisterUserTest1 -->
